<?xml version="1.0" encoding="UTF-8"?>
<!-- Generated by org.testng.reporters.JUnitReportReporter -->
<testsuite skipped="0" hostname="bennypc" name="tests.LaunchBrowser" tests="1" failures="0" timestamp="13 Feb 2020 05:29:57 GMT" time="4.827" errors="0">
  <testcase name="readwriteexcel" time="4.827" classname="tests.LaunchBrowser"/>
</testsuite> <!-- tests.LaunchBrowser -->
